<?xml version="1.0" encoding="UTF-8"?>
<testsuite name="com.unific.cucumber.RunCukesTest" time="0.883" tests="17" errors="0" skipped="0" failures="0">
  <properties>
    <property name="java.runtime.name" value="Java(TM) SE Runtime Environment"/>
    <property name="java.vm.version" value="9.0.4+11"/>
    <property name="sun.boot.library.path" value="/usr/lib/jvm/java-9-oracle/lib"/>
    <property name="maven.multiModuleProjectDirectory" value="/home/user/Documents/ui-automation-java"/>
    <property name="java.vm.vendor" value="Oracle Corporation"/>
    <property name="java.vendor.url" value="http://java.oracle.com/"/>
    <property name="guice.disable.misplaced.annotation.check" value="true"/>
    <property name="path.separator" value=":"/>
    <property name="java.vm.name" value="Java HotSpot(TM) 64-Bit Server VM"/>
    <property name="file.encoding.pkg" value="sun.io"/>
    <property name="sun.os.patch.level" value="unknown"/>
    <property name="user.country" value="IN"/>
    <property name="sun.java.launcher" value="SUN_STANDARD"/>
    <property name="java.vm.specification.name" value="Java Virtual Machine Specification"/>
    <property name="user.dir" value="/home/user/Documents/ui-automation-java"/>
    <property name="java.vm.compressedOopsMode" value="Zero based"/>
    <property name="java.runtime.version" value="9.0.4+11"/>
    <property name="java.awt.graphicsenv" value="sun.awt.X11GraphicsEnvironment"/>
    <property name="os.arch" value="amd64"/>
    <property name="java.io.tmpdir" value="/tmp"/>
    <property name="line.separator" value="&#10;"/>
    <property name="java.vm.specification.vendor" value="Oracle Corporation"/>
    <property name="os.name" value="Linux"/>
    <property name="classworlds.conf" value="/usr/share/maven/bin/m2.conf"/>
    <property name="sun.jnu.encoding" value="UTF-8"/>
    <property name="java.library.path" value="/usr/java/packages/lib:/usr/lib64:/lib64:/lib:/usr/lib"/>
    <property name="jdk.debug" value="release"/>
    <property name="java.class.version" value="53.0"/>
    <property name="java.specification.name" value="Java Platform API Specification"/>
    <property name="sun.management.compiler" value="HotSpot 64-Bit Tiered Compilers"/>
    <property name="os.version" value="4.13.0-38-generic"/>
    <property name="user.home" value="/home/user"/>
    <property name="user.timezone" value="Asia/Kolkata"/>
    <property name="java.awt.printerjob" value="sun.print.PSPrinterJob"/>
    <property name="file.encoding" value="UTF-8"/>
    <property name="java.specification.version" value="9"/>
    <property name="user.name" value="user"/>
    <property name="java.class.path" value="/usr/share/maven/boot/plexus-classworlds-2.x.jar"/>
    <property name="java.vm.specification.version" value="9"/>
    <property name="sun.arch.data.model" value="64"/>
    <property name="sun.java.command" value="org.codehaus.plexus.classworlds.launcher.Launcher test"/>
    <property name="java.home" value="/usr/lib/jvm/java-9-oracle"/>
    <property name="user.language" value="en"/>
    <property name="java.specification.vendor" value="Oracle Corporation"/>
    <property name="awt.toolkit" value="sun.awt.X11.XToolkit"/>
    <property name="java.vm.info" value="mixed mode"/>
    <property name="java.version" value="9.0.4"/>
    <property name="securerandom.source" value="file:/dev/./urandom"/>
    <property name="java.vendor" value="Oracle Corporation"/>
    <property name="maven.home" value="/usr/share/maven"/>
    <property name="file.separator" value="/"/>
    <property name="java.vendor.url.bug" value="http://bugreport.java.com/bugreport/"/>
    <property name="sun.io.unicode.encoding" value="UnicodeLittle"/>
    <property name="sun.cpu.endian" value="little"/>
    <property name="sun.desktop" value="gnome"/>
    <property name="sun.cpu.isalist" value=""/>
  </properties>
  <testcase name="Given User has successfully logged into Shopify Partners" classname="Scenario: Pvt Installation on Shopify Dev Store [ PD-1506 ] [ PD-1529 ] [ PD-1506]" time="0.001"/>
  <testcase name="When User selects a Business" classname="Scenario: Pvt Installation on Shopify Dev Store [ PD-1506 ] [ PD-1529 ] [ PD-1506]" time="0"/>
  <testcase name="And User selects to create a developement store" classname="Scenario: Pvt Installation on Shopify Dev Store [ PD-1506 ] [ PD-1529 ] [ PD-1506]" time="0"/>
  <testcase name="And User enters Login Information" classname="Scenario: Pvt Installation on Shopify Dev Store [ PD-1506 ] [ PD-1529 ] [ PD-1506]" time="0"/>
  <testcase name="And User enters Store Details" classname="Scenario: Pvt Installation on Shopify Dev Store [ PD-1506 ] [ PD-1529 ] [ PD-1506]" time="0.008"/>
  <testcase name="And User saves the store details" classname="Scenario: Pvt Installation on Shopify Dev Store [ PD-1506 ] [ PD-1529 ] [ PD-1506]" time="0.004"/>
  <testcase name="Then DevStore is created with a Store URL" classname="Scenario: Pvt Installation on Shopify Dev Store [ PD-1506 ] [ PD-1529 ] [ PD-1506]" time="0"/>
  <testcase name="When User navigates to unific sign up" classname="Scenario: Pvt Installation on Shopify Dev Store [ PD-1506 ] [ PD-1529 ] [ PD-1506]" time="0"/>
  <testcase name="And User signups at unific" classname="Scenario: Pvt Installation on Shopify Dev Store [ PD-1506 ] [ PD-1529 ] [ PD-1506]" time="0"/>
  <testcase name="And User submits the Store URL at unific and installs the Unlisted App" classname="Scenario: Pvt Installation on Shopify Dev Store [ PD-1506 ] [ PD-1529 ] [ PD-1506]" time="0"/>
  <testcase name="And User verifies pre filled information" classname="Scenario: Pvt Installation on Shopify Dev Store [ PD-1506 ] [ PD-1529 ] [ PD-1506]" time="0"/>
  <testcase name="And User validates Big Price and enters Credit Card Details" classname="Scenario: Pvt Installation on Shopify Dev Store [ PD-1506 ] [ PD-1529 ] [ PD-1506]" time="0"/>
  <testcase name="And User selects to Join" classname="Scenario: Pvt Installation on Shopify Dev Store [ PD-1506 ] [ PD-1529 ] [ PD-1506]" time="0"/>
  <testcase name="Then User selects mandatory fields and also verifies pre filled information" classname="Scenario: Pvt Installation on Shopify Dev Store [ PD-1506 ] [ PD-1529 ] [ PD-1506]" time="0.002"/>
  <testcase name="And User skips connection to Facebook and Starts using Unific" classname="Scenario: Pvt Installation on Shopify Dev Store [ PD-1506 ] [ PD-1529 ] [ PD-1506]" time="0.001"/>
  <testcase name="And Default Order Confirmation Campaign and Default Abandoned Cart Campaign should be preinstalled" classname="Scenario: Pvt Installation on Shopify Dev Store [ PD-1506 ] [ PD-1529 ] [ PD-1506]" time="0"/>
  <testcase name="Scenario: Pvt Installation on Shopify Dev Store [ PD-1506 ] [ PD-1529 ] [ PD-1506]" classname="Scenario: Pvt Installation on Shopify Dev Store [ PD-1506 ] [ PD-1529 ] [ PD-1506]" time="0.867"/>
</testsuite>